<?xml version="1.0" encoding="UTF-8"?>
<!-- Generated by org.testng.reporters.JUnitReportReporter -->
<testsuite hostname="Admin" failures="0" tests="6" name="automation.testsuite.MuaNgay_Thietbinhabep" time="138.962" errors="0" timestamp="2024-09-24T14:07:35 ICT" skipped="0">
  <testcase classname="automation.testsuite.MuaNgay_Thietbinhabep" name="MuangayFail_SDTBlank" time="22.283"/>
  <system-out/>
  <testcase classname="automation.testsuite.MuaNgay_Thietbinhabep" name="MuangayFail_DiachiBlank" time="21.151"/>
  <system-out/>
  <testcase classname="automation.testsuite.MuaNgay_Thietbinhabep" name="MuangayFail_HotenBlank" time="26.865"/>
  <system-out/>
  <testcase classname="automation.testsuite.MuaNgay_Thietbinhabep" name="MuangayFail_leaveBlank" time="22.527"/>
  <system-out/>
  <testcase classname="automation.testsuite.MuaNgay_Thietbinhabep" name="MuangaySuccess" time="24.237"/>
  <system-out/>
  <testcase classname="automation.testsuite.MuaNgay_Thietbinhabep" name="MuangayFail_SDTInvalid" time="21.899"/>
  <system-out/>
</testsuite> <!-- automation.testsuite.MuaNgay_Thietbinhabep -->
