<?xml version="1.0" encoding="UTF-8"?>
<!-- Generated by org.testng.reporters.JUnitReportReporter -->
<testsuite hostname="DESKTOP-DSSFANV" failures="0" tests="6" name="automation.testsuite.Day13_Homework_LoginTest" time="57.610" errors="0" timestamp="2024-08-24T21:54:03 ICT" skipped="0">
  <testcase classname="automation.testsuite.Day13_Homework_LoginTest" name="logoutSuccessfully" time="22.316"/>
  <system-out/>
  <testcase classname="automation.testsuite.Day13_Homework_LoginTest" name="loginFail_LeaveBlank" time="4.372"/>
  <system-out/>
  <testcase classname="automation.testsuite.Day13_Homework_LoginTest" name="loginSuccessfully" time="6.005"/>
  <system-out/>
  <testcase classname="automation.testsuite.Day13_Homework_LoginTest" name="logoutNotSuccess" time="15.906"/>
  <system-out/>
  <testcase classname="automation.testsuite.Day13_Homework_LoginTest" name="loginFail_UsernameNotExist" time="4.681"/>
  <system-out/>
  <testcase classname="automation.testsuite.Day13_Homework_LoginTest" name="loginFail_PasswordInvalid" time="4.330"/>
  <system-out/>
</testsuite> <!-- automation.testsuite.Day13_Homework_LoginTest -->
