<?xml version="1.0" encoding="UTF-8"?>
<!-- Generated by org.testng.reporters.JUnitReportReporter -->
<testsuite hostname="DESKTOP-DSSFANV" failures="0" tests="3" name="automation.testsuite.Day14_Homework_TestFactory" time="244.962" errors="0" timestamp="2024-08-25T19:26:50 ICT" skipped="0">
  <testcase classname="automation.testsuite.Day14_Homework_TestFactory" name="DangKyThanhCong" time="64.496"/>
  <system-out/>
  <testcase classname="automation.testsuite.Day14_Homework_TestFactory" name="ChinhsuaThongTin" time="116.632"/>
  <system-out/>
  <testcase classname="automation.testsuite.Day14_Homework_TestFactory" name="LoginSuccessfully" time="63.834"/>
  <system-out/>
</testsuite> <!-- automation.testsuite.Day14_Homework_TestFactory -->
