<?xml version="1.0" encoding="UTF-8"?>
<!-- Generated by org.testng.reporters.JUnitReportReporter -->
<testsuite hostname="DESKTOP-DSSFANV" failures="0" tests="1" name="automation.testsuite.Day16_BTVN_Bai2" time="17.630" errors="0" timestamp="2024-09-07T09:55:20 ICT" skipped="0">
  <testcase classname="automation.testsuite.Day16_BTVN_Bai2" name="verifyMessageAlert" time="17.630"/>
  <system-out/>
</testsuite> <!-- automation.testsuite.Day16_BTVN_Bai2 -->
