<?xml version="1.0" encoding="UTF-8"?>
<!-- Generated by org.testng.reporters.JUnitReportReporter -->
<testsuite hostname="DESKTOP-DSSFANV" failures="0" tests="1" name="automation.testsuite.Day8_Homework1" time="8.993" errors="0" timestamp="2024-07-29T19:13:44 ICT" skipped="0">
  <testcase classname="automation.testsuite.Day8_Homework1" name="getElementById" time="8.993"/>
  <system-out/>
</testsuite> <!-- automation.testsuite.Day8_Homework1 -->
