<?xml version="1.0" encoding="UTF-8"?>
<!-- Generated by org.testng.reporters.JUnitReportReporter -->
<testsuite hostname="Admin" failures="0" tests="3" name="automation.testsuite.Sanpham_Thietbinhabep" time="72.218" errors="0" timestamp="2024-09-24T12:11:07 ICT" skipped="0">
  <testcase classname="automation.testsuite.Sanpham_Thietbinhabep" name="CheckBtnKhaosat" time="26.050"/>
  <system-out/>
  <testcase classname="automation.testsuite.Sanpham_Thietbinhabep" name="CheckBtnMuaNgay" time="25.242"/>
  <system-out/>
  <testcase classname="automation.testsuite.Sanpham_Thietbinhabep" name="CheckBtnMuatragop" time="20.926"/>
  <system-out/>
</testsuite> <!-- automation.testsuite.Sanpham_Thietbinhabep -->
