<?xml version="1.0" encoding="UTF-8"?>
<!-- Generated by org.testng.reporters.JUnitReportReporter -->
<testsuite hostname="Admin" failures="0" tests="5" name="automation.testsuite.Muatragop_Thietbinhabep" time="109.138" errors="0" timestamp="2024-09-24T13:55:37 ICT" skipped="0">
  <testcase classname="automation.testsuite.Muatragop_Thietbinhabep" name="MuatragopSuccess" time="23.479"/>
  <system-out/>
  <testcase classname="automation.testsuite.Muatragop_Thietbinhabep" name="MuatragopFail_HotenBlank" time="20.922"/>
  <system-out/>
  <testcase classname="automation.testsuite.Muatragop_Thietbinhabep" name="MuatragopFail_leaveBlank" time="21.334"/>
  <system-out/>
  <testcase classname="automation.testsuite.Muatragop_Thietbinhabep" name="MuatragopFail_SDTBlank" time="21.632"/>
  <system-out/>
  <testcase classname="automation.testsuite.Muatragop_Thietbinhabep" name="muatragopFail_DiachiBlank" time="21.771"/>
  <system-out/>
</testsuite> <!-- automation.testsuite.Muatragop_Thietbinhabep -->
