<?xml version="1.0" encoding="UTF-8"?>
<!-- Generated by org.testng.reporters.JUnitReportReporter -->
<testsuite hostname="DESKTOP-DSSFANV" failures="0" tests="6" name="automation.testsuite.Tubep_LapDatTaiNhaTest" time="84.814" errors="0" timestamp="2024-09-22T16:49:28 ICT" skipped="0">
  <testcase classname="automation.testsuite.Tubep_LapDatTaiNhaTest" name="tuVanThanhCong" time="14.793"/>
  <system-out/>
  <testcase classname="automation.testsuite.Tubep_LapDatTaiNhaTest" name="tuVanThatBai_HoTenBlank" time="13.807"/>
  <system-out/>
  <testcase classname="automation.testsuite.Tubep_LapDatTaiNhaTest" name="tuVanThatBai_SoDienThoaiBlank" time="13.816"/>
  <system-out/>
  <testcase classname="automation.testsuite.Tubep_LapDatTaiNhaTest" name="tuVanThatBai_DiaChiBlank" time="13.962"/>
  <system-out/>
  <testcase classname="automation.testsuite.Tubep_LapDatTaiNhaTest" name="tuVanThatBai_LeaveBlank" time="14.300"/>
  <system-out/>
  <testcase classname="automation.testsuite.Tubep_LapDatTaiNhaTest" name="tuVanThatBai_sdtInvalid" time="14.136"/>
  <system-out/>
</testsuite> <!-- automation.testsuite.Tubep_LapDatTaiNhaTest -->
