<?xml version="1.0" encoding="UTF-8"?>
<!-- Generated by org.testng.reporters.JUnitReportReporter -->
<testsuite hostname="DESKTOP-DSSFANV" failures="0" tests="1" name="automation.testsuite.Day8_Homework2" time="3.480" errors="0" timestamp="2024-07-29T19:20:26 ICT" skipped="0">
  <testcase classname="automation.testsuite.Day8_Homework2" name="getElementById" time="3.480"/>
  <system-out/>
</testsuite> <!-- automation.testsuite.Day8_Homework2 -->
