<?xml version="1.0" encoding="UTF-8"?>
<!-- Generated by org.testng.reporters.JUnitReportReporter -->
<testsuite hostname="DESKTOP-DSSFANV" failures="0" tests="1" name="automation.testsuite.Day16_BTVN_Bai1" time="65.619" errors="0" timestamp="2024-09-07T10:12:13 ICT" skipped="0">
  <testcase classname="automation.testsuite.Day16_BTVN_Bai1" name="acceptAlert" time="65.619"/>
  <system-out/>
</testsuite> <!-- automation.testsuite.Day16_BTVN_Bai1 -->
