<?xml version="1.0" encoding="UTF-8"?>
<!-- Generated by org.testng.reporters.JUnitReportReporter -->
<testsuite hostname="DESKTOP-DSSFANV" failures="0" tests="1" name="automation.testsuite.Day12_Homework2" time="5.748" errors="0" timestamp="2024-08-17T22:08:57 ICT" skipped="0">
  <testcase classname="automation.testsuite.Day12_Homework2" name="case1_Dropdownlist" time="5.748"/>
  <system-out/>
</testsuite> <!-- automation.testsuite.Day12_Homework2 -->
