<?xml version="1.0" encoding="UTF-8"?>
<!-- Generated by org.testng.reporters.JUnitReportReporter -->
<testsuite hostname="DESKTOP-DSSFANV" failures="0" tests="5" name="automation.testsuite.Tubep_FilterTest" time="63.013" errors="0" timestamp="2024-09-22T16:49:28 ICT" skipped="0">
  <testcase classname="automation.testsuite.Tubep_FilterTest" name="filterByDanhMuc" time="11.484"/>
  <system-out/>
  <testcase classname="automation.testsuite.Tubep_FilterTest" name="filterByMucGia" time="11.850"/>
  <system-out/>
  <testcase classname="automation.testsuite.Tubep_FilterTest" name="filterByChatLieu" time="17.446"/>
  <system-out/>
  <testcase classname="automation.testsuite.Tubep_FilterTest" name="filterByKichThuoc" time="11.226"/>
  <system-out/>
  <testcase classname="automation.testsuite.Tubep_FilterTest" name="filterByBaoHanh" time="11.007"/>
  <system-out/>
</testsuite> <!-- automation.testsuite.Tubep_FilterTest -->
