<?xml version="1.0" encoding="UTF-8"?>
<!-- Generated by org.testng.reporters.JUnitReportReporter -->
<testsuite hostname="DESKTOP-DSSFANV" failures="0" tests="6" name="automation.testsuite.Tubep_MuaNgayTest" time="129.739" errors="0" timestamp="2024-09-22T16:49:28 ICT" skipped="0">
  <testcase classname="automation.testsuite.Tubep_MuaNgayTest" name="muaNgayThatBai_DiaChiBlank" time="21.335"/>
  <system-out/>
  <testcase classname="automation.testsuite.Tubep_MuaNgayTest" name="muaNgayThatBai_SoDienThoaiBlank" time="20.848"/>
  <system-out/>
  <testcase classname="automation.testsuite.Tubep_MuaNgayTest" name="muaNgayThatBai_sdtInvalid" time="23.134"/>
  <system-out/>
  <testcase classname="automation.testsuite.Tubep_MuaNgayTest" name="muaNgayThatBai_HoTenBlank" time="22.382"/>
  <system-out/>
  <testcase classname="automation.testsuite.Tubep_MuaNgayTest" name="muaNgayThatBai_LeaveBlank" time="21.006"/>
  <system-out/>
  <testcase classname="automation.testsuite.Tubep_MuaNgayTest" name="muaNgayThanhCong" time="21.034"/>
  <system-out/>
</testsuite> <!-- automation.testsuite.Tubep_MuaNgayTest -->
