<?xml version="1.0" encoding="UTF-8"?>
<!-- Generated by org.testng.reporters.JUnitReportReporter -->
<testsuite hostname="Admin" failures="0" tests="1" name="automation.testsuite.ThietBiNhaBep" time="17.818" errors="0" timestamp="2024-09-25T19:51:48 ICT" skipped="0">
  <testcase classname="automation.testsuite.ThietBiNhaBep" name="DanhSachGiaThap" time="17.818"/>
  <system-out/>
</testsuite> <!-- automation.testsuite.ThietBiNhaBep -->
