<?xml version="1.0" encoding="UTF-8"?>
<!-- Generated by org.testng.reporters.JUnitReportReporter -->
<testsuite hostname="DESKTOP-DSSFANV" failures="0" tests="1" name="automation.testsuite.Day15_Homework_Search" time="4.910" errors="0" timestamp="2024-09-02T15:39:20 ICT" skipped="0">
  <testcase classname="automation.testsuite.Day15_Homework_Search" name="searchSuccessfully" time="4.910"/>
  <system-out/>
</testsuite> <!-- automation.testsuite.Day15_Homework_Search -->
