<?xml version="1.0" encoding="UTF-8"?>
<!-- Generated by org.testng.reporters.JUnitReportReporter -->
<testsuite hostname="DESKTOP-DSSFANV" failures="0" tests="1" name="automation.testsuite.Day16_BTVN_Bai3" time="4.615" errors="0" timestamp="2024-09-07T10:10:39 ICT" skipped="0">
  <testcase classname="automation.testsuite.Day16_BTVN_Bai3" name="alert" time="4.615"/>
  <system-out/>
</testsuite> <!-- automation.testsuite.Day16_BTVN_Bai3 -->
