<?xml version="1.0" encoding="UTF-8"?>
<!-- Generated by org.testng.reporters.JUnitReportReporter -->
<testsuite hostname="DESKTOP-DSSFANV" failures="0" tests="1" name="automation.testsuite.Day7_Test" time="0.021" errors="0" timestamp="2024-07-23T21:51:44 ICT" skipped="0">
  <testcase classname="automation.testsuite.Day7_Test" name="Testcase_1" time="0.021"/>
  <system-out/>
</testsuite> <!-- automation.testsuite.Day7_Test -->
