<?xml version="1.0" encoding="UTF-8"?>
<!-- Generated by org.testng.reporters.JUnitReportReporter -->
<testsuite hostname="DESKTOP-DSSFANV" failures="0" tests="12" name="automation.testsuite.LoginTest" time="700.246" errors="0" timestamp="2024-09-15T21:09:28 ICT" skipped="0">
  <testcase classname="automation.testsuite.LoginTest" name="loginFail_UsernameNotExist" time="62.141"/>
  <system-out/>
  <testcase classname="automation.testsuite.LoginTest" name="loginFail_LeaveBlank" time="44.553"/>
  <system-out/>
  <testcase classname="automation.testsuite.LoginTest" name="loginFail_UsernameNotExist" time="63.944"/>
  <system-out/>
  <testcase classname="automation.testsuite.LoginTest" name="loginSuccessfully" time="63.651"/>
  <system-out/>
  <testcase classname="automation.testsuite.LoginTest" name="loginFail_LeaveBlank" time="41.325"/>
  <system-out/>
  <testcase classname="automation.testsuite.LoginTest" name="loginFail_PasswordInvalid" time="60.902"/>
  <system-out/>
  <testcase classname="automation.testsuite.LoginTest" name="loginFail_PasswordInvalid" time="64.254"/>
  <system-out/>
  <testcase classname="automation.testsuite.LoginTest" name="loginSuccessfully" time="67.049"/>
  <system-out/>
  <testcase classname="automation.testsuite.LoginTest" name="loginSuccessfully" time="63.250"/>
  <system-out/>
  <testcase classname="automation.testsuite.LoginTest" name="loginFail_LeaveBlank" time="43.384"/>
  <system-out/>
  <testcase classname="automation.testsuite.LoginTest" name="loginFail_UsernameNotExist" time="63.917"/>
  <system-out/>
  <testcase classname="automation.testsuite.LoginTest" name="loginFail_PasswordInvalid" time="61.876"/>
  <system-out/>
</testsuite> <!-- automation.testsuite.LoginTest -->
