<?xml version="1.0" encoding="UTF-8"?>
<!-- Generated by org.testng.reporters.JUnitReportReporter -->
<testsuite hostname="DESKTOP-DSSFANV" failures="0" tests="3" name="automation.testsuite.Day16_Alert" time="48.759" errors="0" timestamp="2024-09-04T21:24:22 ICT" skipped="0">
  <testcase classname="automation.testsuite.Day16_Alert" name="verifyAlertMessage" time="7.287"/>
  <system-out/>
  <testcase classname="automation.testsuite.Day16_Alert" name="pressOkOnAlert" time="6.185"/>
  <system-out/>
  <testcase classname="automation.testsuite.Day16_Alert" name="pressCancelOnAlert" time="35.287"/>
  <system-out/>
</testsuite> <!-- automation.testsuite.Day16_Alert -->
