<?xml version="1.0" encoding="UTF-8"?>
<!-- Generated by org.testng.reporters.JUnitReportReporter -->
<testsuite hostname="DESKTOP-DSSFANV" failures="0" tests="1" name="automation.testsuite.Day17_WindowsPopup" time="13.142" errors="0" timestamp="2024-09-11T19:45:38 ICT" skipped="0">
  <testcase classname="automation.testsuite.Day17_WindowsPopup" name="handleWindow" time="13.142"/>
  <system-out/>
</testsuite> <!-- automation.testsuite.Day17_WindowsPopup -->
