<?xml version="1.0" encoding="UTF-8"?>
<!-- Generated by org.testng.reporters.JUnitReportReporter -->
<testsuite hostname="DESKTOP-DSSFANV" failures="0" tests="1" name="automation.testsuite.Day8_Practice" time="22.608" errors="0" timestamp="2024-07-28T21:16:35 ICT" skipped="0">
  <testcase classname="automation.testsuite.Day8_Practice" name="getElementById" time="22.608"/>
  <system-out/>
</testsuite> <!-- automation.testsuite.Day8_Practice -->
