<?xml version="1.0" encoding="UTF-8"?>
<!-- Generated by org.testng.reporters.JUnitReportReporter -->
<testsuite hostname="DESKTOP-DSSFANV" failures="0" tests="1" name="automation.testsuite.Day15_UpdatePasswordTest" time="10.547" errors="0" timestamp="2024-09-20T21:30:39 ICT" skipped="0">
  <testcase classname="automation.testsuite.Day15_UpdatePasswordTest" name="updatePasswordSuccessfully" time="10.547"/>
  <system-out/>
</testsuite> <!-- automation.testsuite.Day15_UpdatePasswordTest -->
