<?xml version="1.0" encoding="UTF-8"?>
<!-- Generated by org.testng.reporters.JUnitReportReporter -->
<testsuite hostname="Admin" failures="0" tests="5" name="automation.testsuite.Khaosat_Thietbinhabep" time="113.583" errors="0" timestamp="2024-09-24T13:30:49 ICT" skipped="0">
  <testcase classname="automation.testsuite.Khaosat_Thietbinhabep" name="NhanTuVanSuccess" time="24.343"/>
  <system-out/>
  <testcase classname="automation.testsuite.Khaosat_Thietbinhabep" name="NhanTuVanFail_leaveBlank" time="23.150"/>
  <system-out/>
  <testcase classname="automation.testsuite.Khaosat_Thietbinhabep" name="NhanTuVanFail_HotenBlank" time="21.457"/>
  <system-out/>
  <testcase classname="automation.testsuite.Khaosat_Thietbinhabep" name="NhanTuVanFail_DiachiBlank" time="23.258"/>
  <system-out/>
  <testcase classname="automation.testsuite.Khaosat_Thietbinhabep" name="NhanTuVanFail_SDTBlank" time="21.375"/>
  <system-out/>
</testsuite> <!-- automation.testsuite.Khaosat_Thietbinhabep -->
