<?xml version="1.0" encoding="UTF-8"?>
<!-- Generated by org.testng.reporters.JUnitReportReporter -->
<testsuite hostname="DESKTOP-DSSFANV" failures="0" tests="1" name="automation.testsuite.HandleDatePicker" time="5.288" errors="0" timestamp="2024-08-31T21:18:23 ICT" skipped="0">
  <testcase classname="automation.testsuite.HandleDatePicker" name="inputBirthDay" time="5.288"/>
  <system-out/>
</testsuite> <!-- automation.testsuite.HandleDatePicker -->
